  ProrityQueue.cpp
D:\C-DAC Assignment\DS\Aug_12\Aug_12-2\ProrityQueue.cpp(3,23): error C2143: syntax error: missing ',' before '*'
D:\C-DAC Assignment\DS\Aug_12\Aug_12-2\ProrityQueue.cpp(7,6): error C2065: 'lb': undeclared identifier
D:\C-DAC Assignment\DS\Aug_12\Aug_12-2\ProrityQueue.cpp(8,6): error C2065: 'ub': undeclared identifier
D:\C-DAC Assignment\DS\Aug_12\Aug_12-2\ProrityQueue.cpp(9,15): error C2109: subscript requires array or pointer type
D:\C-DAC Assignment\DS\Aug_12\Aug_12-2\ProrityQueue.cpp(12,15): error C2109: subscript requires array or pointer type
D:\C-DAC Assignment\DS\Aug_12\Aug_12-2\ProrityQueue.cpp(12,32): error C2065: 'ub': undeclared identifier
D:\C-DAC Assignment\DS\Aug_12\Aug_12-2\ProrityQueue.cpp(16,14): error C2109: subscript requires array or pointer type
D:\C-DAC Assignment\DS\Aug_12\Aug_12-2\ProrityQueue.cpp(16,31): error C2065: 'ub': undeclared identifier
D:\C-DAC Assignment\DS\Aug_12\Aug_12-2\ProrityQueue.cpp(22,16): error C2109: subscript requires array or pointer type
D:\C-DAC Assignment\DS\Aug_12\Aug_12-2\ProrityQueue.cpp(23,9): error C2109: subscript requires array or pointer type
D:\C-DAC Assignment\DS\Aug_12\Aug_12-2\ProrityQueue.cpp(23,18): error C2109: subscript requires array or pointer type
D:\C-DAC Assignment\DS\Aug_12\Aug_12-2\ProrityQueue.cpp(24,9): error C2109: subscript requires array or pointer type
D:\C-DAC Assignment\DS\Aug_12\Aug_12-2\ProrityQueue.cpp(29,13): error C2065: 'lb': undeclared identifier
D:\C-DAC Assignment\DS\Aug_12\Aug_12-2\ProrityQueue.cpp(30,6): error C2065: 'lb': undeclared identifier
D:\C-DAC Assignment\DS\Aug_12\Aug_12-2\ProrityQueue.cpp(30,17): error C2109: subscript requires array or pointer type
D:\C-DAC Assignment\DS\Aug_12\Aug_12-2\ProrityQueue.cpp(31,7): error C2109: subscript requires array or pointer type
D:\C-DAC Assignment\DS\Aug_12\Aug_12-2\ProrityQueue.cpp(32,17): error C2065: 'lb': undeclared identifier
D:\C-DAC Assignment\DS\Aug_12\Aug_12-2\ProrityQueue.cpp(33,24): error C2065: 'ub': undeclared identifier
D:\C-DAC Assignment\DS\Aug_12\Aug_12-2\ProrityQueue.cpp(38,21): error C2660: 'quicksort': function does not take 3 arguments
D:\C-DAC Assignment\DS\Aug_12\Aug_12-2\ProrityQueue.cpp(3,6): message : see declaration of 'quicksort'
